[d7cb4d8] Adam Tornhill 2015-09-29 Merge branch 'oflisback-master'
[f00d538] Ola Flisbäck 2015-09-29 Bugfix: Parse author non-greedy
1	1	src/code_maat/parsers/git.clj
8	1	test/code_maat/parsers/git_test.clj

[53b0678] Adam Tornhill 2015-08-24 Do not build for openjdk 6 since we need fork/join support
0	1	.travis.yml

[f44207a] Adam Tornhill 2015-08-24 Merge branch 'jstepien-parsing'
[013a54b] Jan Stępień 2015-08-23 Remove some more dead code
0	4	src/code_maat/parsers/hiccup_based_parser.clj

[931fdca] Jan Stępień 2015-08-23 Finer parallelisation of parsing with reducers
26	23	src/code_maat/parsers/hiccup_based_parser.clj

[42dde28] Jan Stępień 2015-08-23 Simplify entry lines generation.
5	10	src/code_maat/parsers/hiccup_based_parser.clj

[8a2cb35] Jan Stępień 2015-08-23 Rewrite as-entry-tokens as a transducer
22	30	src/code_maat/parsers/hiccup_based_parser.clj

[f9ab921] Jan Stępień 2015-08-23 Parallelise hiccup-based-parser
9	9	src/code_maat/parsers/hiccup_based_parser.clj

[d6524ab] Adam Tornhill 2015-08-03 Use the author name rather than committer in the compact git2 format
1	1	README.md

[ed19cf0] Adam Tornhill 2015-07-31 Optimized the authors analysis by avoiding a superflous revisions count
20	12	src/code_maat/analysis/authors.clj
1	1	test/code_maat/analysis/authors_test.clj

[b5abe20] Adam Tornhill 2015-07-27 Initiated development of 0.9.2
1	1	project.clj
1	1	src/code_maat/cmd_line.clj

[d684008] Adam Tornhill 2015-07-27 Release 0.9.1 of code-maat
1	1	project.clj
1	1	src/code_maat/cmd_line.clj

[f8775a3] Adam Tornhill 2015-07-27 Performance optimized the SoC analysis algorithm
1	1	src/code_maat/analysis/coupling_algos.clj
30	19	src/code_maat/analysis/sum_of_coupling.clj
2	2	test/code_maat/analysis/sum_of_coupling_test.clj

[3ee0903] Adam Tornhill 2015-07-19 Merge branch 'master' of https://github.com/adamtornhill/code-maat
[8ae747a] Adam Tornhill 2015-07-19 Updated to Clojure 1.7
1	1	project.clj
1	1	test/code_maat/end_to_end/scenario_tests.clj

[577bac6] Adam Tornhill 2015-07-15 Merge pull request #20 from AndreaCrotti/test_cmd_line
[00d0812] Andrea Crotti 2015-07-14 add a simple test for command line parsing
12	0	test/code_maat/app/cmd_line_test.clj

[d020c06] Adam Tornhill 2015-07-12 Bugfix: correct sort order before extracting main devs by revisions
1	1	src/code_maat/analysis/effort.clj
1	1	test/code_maat/analysis/effort_test.clj

[7276d4e] Adam Tornhill 2015-07-01 Merge pull request #15 from AndreaCrotti/add_travis
[4e2cce7] Andrea Crotti 2015-06-29 add travis.ci support
7	0	.travis.yml
2	0	README.md

[02a760a] Adam Tornhill 2015-07-01 Fix failing hg tests by introducing a testable parse API
8	1	src/code_maat/parsers/mercurial.clj
1	1	test/code_maat/end_to_end/scenario_tests.clj
8	8	test/code_maat/parsers/mercurial_test.clj

[42f2ef8] Adam Tornhill 2015-07-01 Merge branch 'AndreaCrotti-missing-parens'
[3351056] Andrea Crotti 2015-07-01 missing paren in require
1	1	test/code_maat/parsers/mercurial_test.clj

[b4a255c] Adam Tornhill 2015-06-30 Updated Instaparse to 1.4.1
2	3	project.clj

[7d8b4d9] Adam Tornhill 2015-06-30 Started development on 0.9.1
1	1	project.clj
1	1	src/code_maat/cmd_line.clj

[f4f1933] Adam Tornhill 2015-06-29 Version 0.9.0 complete
1	1	project.clj
2	2	src/code_maat/cmd_line.clj

[96d3e4c] Adam Tornhill 2015-06-29 Introduced a git2 format that's more tolerant and faster to parse
13	5	README.md
15	5	src/code_maat/app/app.clj
1	1	src/code_maat/cmd_line.clj
84	0	src/code_maat/parsers/git2.clj
18	0	test/code_maat/end_to_end/git2_live_data_test.clj
25	0	test/code_maat/end_to_end/roslyn_git.log
11	0	test/code_maat/end_to_end/scenario_tests.clj
6	0	test/code_maat/end_to_end/simple_git2.txt
129	0	test/code_maat/parsers/git2_test.clj

[a52e8b6] Adam Tornhill 2015-06-14 Added a new output filter to write the analysis result to file
6	1	src/code_maat/app/app.clj
1	0	src/code_maat/cmd_line.clj
8	1	src/code_maat/output/csv.clj

[7242e54] Adam Tornhill 2015-06-10 Updated the documentation to reflect the improved help text
1	1	README.md

[9aa51f2] Adam Tornhill 2015-06-10 Updated the documentation to reflect the improved help text
18	11	README.md

[8a3fd52] Adam Tornhill 2015-06-10 Include the Code Maat version in the help text
1	0	src/code_maat/cmd_line.clj

[6edbf1a] Adam Tornhill 2015-06-10 Include the name of all analyses in the help text
1	1	src/code_maat/cmd_line.clj

[cacc1b9] Adam Tornhill 2015-06-10 Refactoring: extracted a function to build a string of valid analyses
10	5	src/code_maat/app/app.clj

[ab15b85] Adam Tornhill 2015-06-02 Upgraded math.combinatorics to 0.1.1
1	1	project.clj

[adb6e3d] Adam Tornhill 2015-06-02 Upgraded Instaparse to 1.4.0
1	1	project.clj

[5f1d4da] Adam Tornhill 2015-06-02 Started on version 0.9.0
1	1	project.clj

[17f716c] Adam Tornhill 2015-04-22 Release 0.8.6 with Code Age analysis
1	1	project.clj

[4b37ee2] Adam Tornhill 2015-04-22 Scale down the cover picture
-	-	doc/imgs/crime_cover.jpg

[f228492] Adam Tornhill 2015-04-22 Minor corrections to the documentation
5	3	README.md
-	-	doc/imgs/crime_cover.jpg

[7a437cd] Adam Tornhill 2015-04-22 Documented the Code Age analysis
27	5	README.md
-	-	doc/imgs/code_age_sample.png

[ac71290] Adam Tornhill 2015-04-22 Refactoring for the code age analysis in order to break the logical dependency on the different time input formats
5	12	src/code_maat/analysis/code_age.clj
4	1	src/code_maat/parsers/git.clj
5	2	src/code_maat/parsers/mercurial.clj
4	1	src/code_maat/parsers/perforce.clj
4	1	src/code_maat/parsers/svn.clj
25	0	src/code_maat/parsers/time_parser.clj
3	2	test/code_maat/end_to_end/scenario_tests.clj
4	4	test/code_maat/parsers/perforce_test.clj
3	3	test/code_maat/parsers/svn_test.clj
14	0	test/code_maat/parsers/time_parser_test.clj

[4f76b90] Adam Tornhill 2015-04-06 Specified the scenario tests for age analysis
1	1	src/code_maat/analysis/code_age.clj
17	0	test/code_maat/end_to_end/scenario_tests.clj

[2658944] Adam Tornhill 2015-04-06 Refactoring: extracted the commonalities in the options
15	15	test/code_maat/end_to_end/scenario_tests.clj

[ef8ae68] Adam Tornhill 2015-04-06 Support code age for Perforce (parse its date-time format)
3	2	src/code_maat/analysis/code_age.clj

[e4e35d3] Adam Tornhill 2015-04-06 Support code age for Subversion (parse its date-time format)
7	1	src/code_maat/analysis/code_age.clj

[62bbb16] Adam Tornhill 2015-04-06 Filter all changes that do not apply to the current code age
13	4	src/code_maat/analysis/code_age.clj
4	1	test/code_maat/analysis/code_age_test.clj

[f2b9b7c] Adam Tornhill 2015-04-06 Allow an analysis of age in the past by filtering out newer commits before the analysis
8	1	src/code_maat/analysis/code_age.clj
7	0	test/code_maat/analysis/code_age_test.clj

[9a0fc11] Adam Tornhill 2015-04-06 Specified the test scenario when time moves into the future
14	5	test/code_maat/analysis/code_age_test.clj

[1e54670] Adam Tornhill 2015-04-06 Tests the happy day scenario for code age analysis
9	6	test/code_maat/analysis/code_age_test.clj

[64c66fa] Adam Tornhill 2015-04-06 New command line argument to specify time zero for age analyses
1	0	src/code_maat/cmd_line.clj

[96a2343] Adam Tornhill 2015-04-05 Return the age results as a sorted dataset (ascending)
5	5	src/code_maat/analysis/code_age.clj
28	0	test/code_maat/analysis/code_age_test.clj

[2079894] Adam Tornhill 2015-03-24 Enable the code age analysis, argument = age
4	2	src/code_maat/app/app.clj

[b56f73a] Adam Tornhill 2015-03-24 The basic skeleton for a code age analysis
59	0	src/code_maat/analysis/code_age.clj

[e6ef3ef] Adam Tornhill 2015-03-23 Merge branch 'master' of https://github.com/adamtornhill/code-maat
[c52f977] Adam Tornhill 2015-03-23 Perfoce bug fix: allow multiple job sections in the log
1	2	src/code_maat/parsers/perforce.clj
22	1	test/code_maat/parsers/perforce_test.clj

[ca121c1] Adam Tornhill 2015-03-14 Merge pull request #9 from tjchambers/master
[ce3a0ad] Tim Chambers 2015-03-14 Merge pull request #1 from tjchambers/tjchambers-patch-1
[09c42dc] Tim Chambers 2015-03-14 wrong word in context
1	1	README.md

[29f91ae] Adam Tornhill 2015-03-09 Merge branch 'knorrium-mailmap'
[a318c55] Adam Tornhill 2015-03-09 Merge branch 'mailmap' of https://github.com/knorrium/code-maat into knorrium-mailmap
[13c57d1] Adam Tornhill 2015-03-09 Started development on 0.8.6
1	1	project.clj

[0f70211] Felipe Knorr Kuhn 2015-03-08 change log format to respect the mailmap file
1	1	README.md

[37ceb28] Felipe Knorr Kuhn 2015-03-08 add the .mailmap file to fix authors
3	0	.mailmap

[d1cf155] Adam Tornhill 2015-03-08 Clarified the rationale for separating visualizations from the engine
1	1	README.md

[357896c] Adam Tornhill 2015-03-08 Clarified the rationale for separating visualizations from the engine
3	1	README.md

[2be0704] Adam Tornhill 2015-03-08 Release 0.8.5
2	2	README.md
1	1	project.clj

[72be7c2] Adam Tornhill 2015-03-07 Informative error message in case of invalid analysis argument
11	3	src/code_maat/app/app.clj
3	0	src/code_maat/cmd_line.clj

[e241ab3] Adam Tornhill 2015-02-08 Incanter: only include the core module (get rid of a lot of dependencies)
1	1	project.clj

[f80481a] Adam Tornhill 2015-02-08 Incanter: updated to latest version 1.5.6
1	1	project.clj

[56354f7] Adam Tornhill 2015-01-31 Updated clj-time to the latest version, 0.9.0
1	1	project.clj

[61df934] Adam Tornhill 2015-01-31 Started development of version 0.8.5
1	1	project.clj

[62013b9] Adam Tornhill 2015-01-25 Merge branch 'LogicalChaos-perforce' to support analyzing Perforce data
[eb45f59] Adam Tornhill 2015-01-25 Development of version 0.8.4 to support Perforce
1	1	project.clj

[2dbc9f1] Adam Tornhill 2015-01-25 Merge branch 'perforce' of https://github.com/LogicalChaos/code-maat into LogicalChaos-perforce
[999210b] robertc 2015-01-23 Modify command generating Perforce log files to remove extra linefeeds to avoid having to complicate the parsing.  Adjust tests for the change.
1	1	README.md
1	3	src/code_maat/app/app.clj
27	16	src/code_maat/parsers/perforce.clj
0	10	test/code_maat/end_to_end/sample_p4.log
1	7	test/code_maat/end_to_end/simple_p4.txt
8	19	test/code_maat/parsers/perforce_test.clj

[add8fd9] Adam Tornhill 2015-01-20 Released 0.8.3: memory optimizations of the Git and Mercurial parsers
1	1	project.clj

[41ced1f] Adam Tornhill 2015-01-18 Git: parse pull requests
3	9	src/code_maat/parsers/git.clj
19	40	src/code_maat/parsers/hiccup_based_parser.clj
1	5	src/code_maat/parsers/mercurial.clj
7	6	test/code_maat/parsers/git_test.clj

[1c7314e] Adam Tornhill 2015-01-17 Options: changed the default analysis to just run the authors analysis
6	9	src/code_maat/app/app.clj

[a53e02a] Adam Tornhill 2015-01-17 Encoding: re-implemented for the new parser algorithms
7	1	src/code_maat/parsers/hiccup_based_parser.clj

[41e1261] Adam Tornhill 2015-01-17 Memory optimization: split the input into chunks before feeding it to Instaparse
1	1	project.clj
5	7	src/code_maat/app/app.clj
2	1	src/code_maat/cmd_line.clj
27	11	src/code_maat/parsers/git.clj
114	13	src/code_maat/parsers/hiccup_based_parser.clj
10	6	src/code_maat/parsers/mercurial.clj
14	14	test/code_maat/parsers/git_test.clj

[48afcb0] Adam Tornhill 2015-01-16 New Instaparse version
2	2	project.clj

[936afce] robertc 2015-01-21 Add copyright, update documentation, add Perforce testing
7	2	README.md
6	6	src/code_maat/app/app.clj
1	1	src/code_maat/cmd_line.clj
24	9	src/code_maat/parsers/perforce.clj
0	0	test/code_maat/end_to_end/empty.p4
18	0	test/code_maat/end_to_end/perforce_live_data_test.clj
30	0	test/code_maat/end_to_end/sample_p4.log
24	1	test/code_maat/end_to_end/scenario_tests.clj
16	0	test/code_maat/end_to_end/simple_p4.txt
71	0	test/code_maat/parsers/perforce_test.clj

[bd404c2] robertc 2015-01-20 Add support for Perforce VCS
11	1	src/code_maat/app/app.clj
43	0	src/code_maat/parsers/perforce.clj

[741f2e0] Adam Tornhill 2015-01-20 Released 0.8.3: memory optimizations of the Git and Mercurial parsers
1	1	project.clj

[349bdde] Adam Tornhill 2015-01-18 Git: parse pull requests
3	9	src/code_maat/parsers/git.clj
19	40	src/code_maat/parsers/hiccup_based_parser.clj
1	5	src/code_maat/parsers/mercurial.clj
7	6	test/code_maat/parsers/git_test.clj

[dec1452] Adam Tornhill 2015-01-17 Options: changed the default analysis to just run the authors analysis
6	9	src/code_maat/app/app.clj

[b99ed20] Adam Tornhill 2015-01-17 Encoding: re-implemented for the new parser algorithms
7	1	src/code_maat/parsers/hiccup_based_parser.clj

[c2b09bc] Adam Tornhill 2015-01-17 Memory optimization: split the input into chunks before feeding it to Instaparse
1	1	project.clj
5	7	src/code_maat/app/app.clj
2	1	src/code_maat/cmd_line.clj
27	11	src/code_maat/parsers/git.clj
114	13	src/code_maat/parsers/hiccup_based_parser.clj
10	6	src/code_maat/parsers/mercurial.clj
14	14	test/code_maat/parsers/git_test.clj

[49795b9] Adam Tornhill 2015-01-16 New Instaparse version
2	2	project.clj

[4226c51] Adam Tornhill 2014-12-23 New version 0.8.2 with support for custom encoding
1	1	project.clj

[ac4bd93] Adam Tornhill 2014-12-22 Documented how to specify a custom input encoding
6	2	README.md

[794663e] Adam Tornhill 2014-12-22 Support different encodings for the input with the --input-encoding option.
12	2	src/code_maat/app/app.clj
1	0	src/code_maat/cmd_line.clj

[9c3586e] Adam Tornhill 2014-12-22 Started development of the next release
1	1	project.clj

[2951eec] Adam Tornhill 2014-12-22 Corrected the command line usage
1	1	project.clj
2	2	src/code_maat/cmd_line.clj

[5c7d19e] Adam Tornhill 2014-11-28 Sort the absolute churn output by date
1	1	project.clj
8	4	src/code_maat/analysis/churn.clj
2	2	test/code_maat/analysis/churn_test.clj
1	1	test/code_maat/end_to_end/churn_scenario_test.clj

[b8475f9] Adam Tornhill 2014-11-28 Version 0.8.0
1	1	project.clj

[2e82dae] Adam Tornhill 2014-11-19 Uniform field names
1	1	src/code_maat/analysis/effort.clj
1	1	test/code_maat/analysis/effort_test.clj

[3df7d5b] Adam Tornhill 2014-11-19 New analysis: identify main developer by revisions
24	0	src/code_maat/analysis/effort.clj
1	0	src/code_maat/app/app.clj
15	0	test/code_maat/analysis/effort_test.clj

[84b1f72] Adam Tornhill 2014-11-19 Bug fix: failed to parse messages that contained a date string (greedy regex)
1	1	project.clj
4	5	src/code_maat/parsers/git.clj
1	1	test/code_maat/end_to_end/scenario_tests.clj
37	10	test/code_maat/parsers/git_test.clj

[1b0a0f3] Adam Tornhill 2014-11-10 Bug fix: allow a dash in paths used to group commits
1	1	src/code_maat/app/grouper.clj
4	1	test/code_maat/app/grouper_test.clj

[177755f] Adam Tornhill 2014-10-28 Time-based aggregation: report an error on unsupported time spans
2	2	src/code_maat/app/app.clj
12	2	src/code_maat/app/time_based_grouper.clj
9	1	test/code_maat/app/time_based_grouper_test.clj

[e25f0d1] Adam Tornhill 2014-10-22 New analysis: refactoring-main-dev
28	10	src/code_maat/analysis/churn.clj
1	0	src/code_maat/app/app.clj
17	0	test/code_maat/analysis/churn_test.clj

[b927944] Adam Tornhill 2014-10-22 Refactored the main dev analysis in order to add a variation
13	7	src/code_maat/analysis/churn.clj

[9f50ed0] Adam Tornhill 2014-10-18 Documented the time-based grouping of multiple commits into a single, logical commit
4	0	README.md

[e7bd3b0] Adam Tornhill 2014-10-17 Test case for time-based analyses
6	0	test/code_maat/app/day_coupled_entities_git.txt
36	0	test/code_maat/app/time_based_grouper_test.clj
2	16	test/code_maat/end_to_end/scenario_tests.clj
23	0	test/code_maat/tools/test_tools.clj

[23a5b8b] Adam Tornhill 2014-10-17 Group commits by day before analysis
21	5	src/code_maat/app/app.clj
30	0	src/code_maat/app/time_based_grouper.clj
2	0	src/code_maat/cmd_line.clj

[551dab7] Adam Tornhill 2014-10-16 Commit message analysis complete
72	0	src/code_maat/analysis/commit_messages.clj
5	2	src/code_maat/app/app.clj
1	0	src/code_maat/cmd_line.clj
26	0	test/code_maat/analysis/commit_messages_test.clj
4	4	test/code_maat/analysis/test_data.clj

[b770798] Adam Tornhill 2014-10-09 Git: enabled the commit messages as part of the analysis input
5	3	src/code_maat/parsers/hiccup_based_parser.clj
2	2	test/code_maat/end_to_end/scenario_tests.clj
20	10	test/code_maat/parsers/git_test.clj

[5578e02] Adam Tornhill 2014-10-09 Git: include the commit message
1	1	project.clj
11	2	src/code_maat/parsers/git.clj
13	26	src/code_maat/parsers/hiccup_based_parser.clj
9	1	src/code_maat/parsers/mercurial.clj

[a8c8647] Adam Tornhill 2014-10-01 Version 0.7.1
1	1	project.clj

[f5d8fe9] Adam Tornhill 2014-09-27 Correct error message for unknown parser argument
1	1	src/code_maat/app/app.clj

[37624c9] Adam Tornhill 2014-09-27 Grouping: allow a dot in filenames
1	1	src/code_maat/app/grouper.clj
4	1	test/code_maat/app/grouper_test.clj

[c43820d] Adam Tornhill 2014-09-19 Added an ownership metric
14	4	src/code_maat/analysis/churn.clj
12	3	test/code_maat/analysis/churn_test.clj

[c95c20f] Adam Tornhill 2014-09-19 New analysis to identify main developers from churn
39	0	src/code_maat/analysis/churn.clj
1	0	src/code_maat/app/app.clj
21	0	test/code_maat/analysis/churn_test.clj

[6fa2c95] Adam Tornhill 2014-09-17 Added a new analysis of entity fragmentation
29	1	src/code_maat/analysis/effort.clj
7	2	src/code_maat/analysis/math.clj
1	0	src/code_maat/app/app.clj
13	0	test/code_maat/analysis/effort_test.clj

[8dd646c] Adam Tornhill 2014-08-10 Enabled the SOC analysis
1	1	project.clj
2	0	src/code_maat/app/app.clj
1	1	src/code_maat/cmd_line.clj

[b253cec] Adam Tornhill 2014-08-10 Use the shared coupling algorithms
1	1	src/code_maat/analysis/coupling_algos.clj
5	91	src/code_maat/analysis/logical_coupling.clj
2	4	src/code_maat/analysis/sum_of_coupling.clj

[70fcce9] Adam Tornhill 2014-08-10 Extracted common coupling algorithms
100	0	src/code_maat/analysis/coupling_algos.clj
4	92	src/code_maat/analysis/sum_of_coupling.clj
52	0	test/code_maat/analysis/coupling_algos_test.clj
0	38	test/code_maat/analysis/sum_of_coupling_test.clj

[635081b] Adam Tornhill 2014-08-10 Prototype for sum of coupling measure
143	0	src/code_maat/analysis/sum_of_coupling.clj
63	0	test/code_maat/analysis/sum_of_coupling_test.clj

[8e7f979] Adam Tornhill 2014-08-08 Lower threshold for temporal coupling
1	1	src/code_maat/cmd_line.clj

[4ad2220] Adam Tornhill 2014-08-07 New option: limit the change set size for logical coupling.
9	4	src/code_maat/analysis/logical_coupling.clj
3	0	src/code_maat/cmd_line.clj
2	1	test/code_maat/analysis/test_data.clj

[4064b91] Adam Tornhill 2014-08-07 Updated libraries
3	3	project.clj

[e05bd3f] Adam Tornhill 2014-08-07 Refactoring: combinations instead of function
2	5	src/code_maat/analysis/logical_coupling.clj

[a6d5d75] Adam Tornhill 2014-08-07 Refactored duplicate removal
4	7	src/code_maat/analysis/logical_coupling.clj

[ba3b82c] Adam Tornhill 2014-08-06 Removed an unnecessary intermediate map.
2	2	src/code_maat/analysis/logical_coupling.clj

[b409033] Adam Tornhill 2014-08-06 Simplified the entity extraction.
8	11	src/code_maat/analysis/logical_coupling.clj

[5464710] Adam Tornhill 2014-08-06 Rewrote the logical coupling algorithm. Needs more simplifications.
79	126	src/code_maat/analysis/logical_coupling.clj
15	76	test/code_maat/analysis/logical_coupling_test.clj

[53afd0c] Adam Tornhill 2014-08-06 Filter superflous data in coupling analysis
3	1	src/code_maat/analysis/logical_coupling.clj

[9f00f46] Adam Tornhill 2014-08-06 Increased local thread stack size for coupling analyses
1	1	project.clj

[833a269] Adam Tornhill 2014-08-06 Filter mirrored elements in temporal coupling analyses
1	0	.gitignore
11	0	src/code_maat/analysis/logical_coupling.clj
8	9	test/code_maat/analysis/logical_coupling_test.clj
1	1	test/code_maat/end_to_end/scenario_tests.clj

[06d7884] Adam Tornhill 2014-06-19 Refactoring: renamed core => cmd-line to express intent
2	2	project.clj
60	0	src/code_maat/cmd_line.clj
0	60	src/code_maat/core.clj

[80cdc83] Adam Tornhill 2014-06-19 Refactoring: renamed layer-mapper => grouper
2	2	src/code_maat/app/app.clj
129	0	src/code_maat/app/grouper.clj
1	1	src/code_maat/app/layer_mapper.clj
55	0	test/code_maat/app/grouper_test.clj
0	55	test/code_maat/app/layer_mapper_test.clj

[cf89a32] Adam Tornhill 2014-06-19 Refactoring: better naming
31	31	src/code_maat/app/layer_mapper.clj
3	3	test/code_maat/app/layer_mapper_test.clj

[cf8dd8a] Adam Tornhill 2014-06-19 Grouping: more permissive logical name
1	1	project.clj
2	2	src/code_maat/app/layer_mapper.clj

[dbb33bc] Adam Tornhill 2014-06-19 New version of maat
1	1	project.clj

[22d14a4] Adam Tornhill 2014-06-19 New group format => more expressive
87	12	src/code_maat/app/layer_mapper.clj
28	7	test/code_maat/app/layer_mapper_test.clj

[ea009e7] Adam Tornhill 2014-06-18 refactoring: encapsulated layer creation
5	1	src/code_maat/app/layer_mapper.clj

[c1b5baa] Adam Tornhill 2014-06-06 Aggregated layers complete.
16	2	src/code_maat/app/app.clj
1	1	src/code_maat/app/layer_mapper.clj

[e501215] Adam Tornhill 2014-06-06 Parsers: always return seq of maps. These are converted to datasets later. Makes it easier to apply additional filters.
25	1	src/code_maat/app/app.clj
5	7	src/code_maat/parsers/hiccup_based_parser.clj
7	9	src/code_maat/parsers/svn.clj
47	16	test/code_maat/parsers/git_test.clj
9	10	test/code_maat/parsers/mercurial_test.clj
4	4	test/code_maat/parsers/svn_test.clj

[08471f8] Adam Tornhill 2014-06-06 SVN: refactored to a better separation of internal and external format
8	12	src/code_maat/parsers/svn.clj
1	1	test/code_maat/end_to_end/scenario_tests.clj
14	15	test/code_maat/parsers/svn_test.clj

[d36cf0a] Adam Tornhill 2014-06-06 Renamed get-parser -> parser-for
2	2	src/code_maat/app/app.clj

[93fe513] Adam Tornhill 2014-06-06 Layers and groups: started
50	0	src/code_maat/app/layer_mapper.clj
14	13	src/code_maat/core.clj
34	0	test/code_maat/app/layer_mapper_test.clj

[d00b7c7] Adam Tornhill 2014-06-06 Command line: removed the default limit of result values
1	1	src/code_maat/core.clj

[bc2960b] Adam Tornhill 2014-05-22 Updated Instaparse version
1	1	project.clj

[6e1ef25] Adam Tornhill 2014-05-22 Updated Incanter version
1	1	project.clj

[c1f51fa] Adam Tornhill 2014-05-22 Documented the new commandline options
24	19	README.md

[cf58447] Adam Tornhill 2014-05-22 Migrate to Clojure 1.6.0
1	1	project.clj
1	1	src/code_maat/analysis/authors.clj
1	1	src/code_maat/analysis/communication.clj
45	31	src/code_maat/core.clj
13	9	test/code_maat/analysis/churn_test.clj
2	2	test/code_maat/analysis/communication_test.clj
2	2	test/code_maat/analysis/logical_coupling_test.clj
1	1	test/code_maat/end_to_end/git_live_data_test.clj
1	1	test/code_maat/end_to_end/mercurial_live_data_test.clj
1	1	test/code_maat/end_to_end/scenario_tests.clj
1	1	test/code_maat/end_to_end/svn_live_data_test.clj

[dd8e605] Adam Tornhill 2014-04-18 Library dependencies updated
8	8	project.clj

[49a1007] Adam Tornhill 2013-11-29 svn: refactored the parers. Faster and simpler.
11	10	src/code_maat/parsers/svn.clj
1	1	test/code_maat/end_to_end/scenario_tests.clj
18	18	test/code_maat/parsers/svn_test.clj

[da20e42] Adam Tornhill 2013-11-29 git parser: less restrictive parsing of the commit message
3	3	src/code_maat/analysis/logical_coupling.clj
1	1	src/code_maat/app/app.clj
2	2	src/code_maat/parsers/git.clj
3	3	test/code_maat/analysis/logical_coupling_test.clj

[70747db] Adam Tornhill 2013-11-25 Refactored the communication
10	7	src/code_maat/analysis/communication.clj
5	3	src/code_maat/analysis/math.clj

[0122e4e] Adam Tornhill 2013-11-25 Enabled the communication analysis
4	2	src/code_maat/app/app.clj
14	0	test/code_maat/end_to_end/scenario_tests.clj

[d6d9199] Adam Tornhill 2013-11-25 New analysis, a heuristic for the communication needs
99	0	src/code_maat/analysis/communication.clj
28	0	test/code_maat/analysis/communication_test.clj

[3b81c73] Adam Tornhill 2013-11-15 Implemented an entity effort analysis
10	1	README.md
2	3	src/code_maat/analysis/churn.clj
57	0	src/code_maat/analysis/effort.clj
4	2	src/code_maat/app/app.clj
0	2	test/code_maat/analysis/churn_test.clj
34	0	test/code_maat/analysis/effort_test.clj
14	0	test/code_maat/end_to_end/scenario_tests.clj

[83ab226] Adam Tornhill 2013-11-11 Support for ownership patterns
13	0	README.md
2	2	project.clj
36	0	src/code_maat/analysis/churn.clj
2	1	src/code_maat/app/app.clj
20	0	test/code_maat/analysis/churn_test.clj
8	0	test/code_maat/end_to_end/churn_scenario_test.clj

[86b1248] Adam Tornhill 2013-11-11 Implemented churn by entity metric
6	0	README.md
1	1	project.clj
14	0	src/code_maat/analysis/churn.clj
2	1	src/code_maat/app/app.clj
7	0	test/code_maat/analysis/churn_test.clj
7	0	test/code_maat/end_to_end/churn_scenario_test.clj

[cfa4ad4] Adam Tornhill 2013-11-11 Refactoring: identified commonalities for the churn analysis
23	33	src/code_maat/analysis/churn.clj

[314d56b] Adam Tornhill 2013-11-11 Churn by author implemented
12	0	README.md
18	2	src/code_maat/analysis/churn.clj
2	1	src/code_maat/app/app.clj
2	1	src/code_maat/core.clj
7	0	test/code_maat/analysis/churn_test.clj
7	0	test/code_maat/end_to_end/churn_scenario_test.clj

[70d2aca] Adam Tornhill 2013-11-11 Refactoring: introduced a macro to remove duplications when defining datasets for test
8	0	src/code_maat/analysis/churn.clj
10	1	src/code_maat/dataset/dataset.clj
12	13	test/code_maat/analysis/churn_test.clj

[6997f8e] Adam Tornhill 2013-11-11 Documented code churn
21	1	README.md
-	-	doc/imgs/abs_churn_sample.png
1	1	project.clj

[585dde3] Adam Tornhill 2013-11-10 End-to-end test for absolute churn
20	0	test/code_maat/end_to_end/churn_scenario_test.clj

[c3f192b] Adam Tornhill 2013-11-10 Absolute churn implemented
42	4	src/code_maat/analysis/churn.clj
6	4	src/code_maat/app/app.clj
1	1	src/code_maat/core.clj
28	3	test/code_maat/analysis/churn_test.clj

[8651cd6] Adam Tornhill 2013-11-10 Introduced a churn analysis module
23	0	src/code_maat/analysis/churn.clj
21	0	test/code_maat/analysis/churn_test.clj

[bfcb4de] Adam Tornhill 2013-11-10 git: include churn data in the parse results
2	2	src/code_maat/parsers/git.clj
22	12	src/code_maat/parsers/hiccup_based_parser.clj
7	4	test/code_maat/end_to_end/scenario_tests.clj
14	14	test/code_maat/parsers/git_test.clj

[9141fc8] Adam Tornhill 2013-11-10 churn: parse lines added and deleted for git
5	3	src/code_maat/parsers/git.clj
15	1	src/code_maat/parsers/hiccup_based_parser.clj
145	137	test/code_maat/end_to_end/mono_git.log
3	3	test/code_maat/end_to_end/simple_git.txt
21	9	test/code_maat/parsers/git_test.clj

[d804759] Adam Tornhill 2013-09-24 Documented tree map visualizations
5	1	README.md
-	-	doc/imgs/tree_map_sample.png

[1bafb6d] Adam Tornhill 2013-09-24 Release 0.3.1
1	1	project.clj

[0a05fba] Adam Tornhill 2013-09-17 Added an identity analysis as debug aid
5	1	README.md
5	5	src/code_maat/analysis/authors.clj
3	4	src/code_maat/app/app.clj
1	1	src/code_maat/core.clj
18	1	test/code_maat/end_to_end/scenario_tests.clj

[540e8de] Adam Tornhill 2013-09-07 refactoring: simplified some maps and filters
1	1	project.clj
23	21	src/code_maat/analysis/logical_coupling.clj
13	17	src/code_maat/parsers/hiccup_based_parser.clj
0	1	test/code_maat/analysis/logical_coupling_test.clj

[475e5eb] Adam Tornhill 2013-09-05 Complete support for Mercurial
7	2	README.md
1	1	project.clj
24	15	src/code_maat/app/app.clj
1	1	src/code_maat/core.clj
0	0	test/code_maat/end_to_end/empty.hg
18	0	test/code_maat/end_to_end/mercurial_live_data_test.clj
26	12	test/code_maat/end_to_end/scenario_tests.clj
6	0	test/code_maat/end_to_end/simple_hg.txt
493	0	test/code_maat/end_to_end/tpp_hg.log

[70bcebc] Adam Tornhill 2013-09-05 parsers: extracted the common parts into a hiccup-based parser shared between git and hg
5	72	src/code_maat/parsers/git.clj
84	0	src/code_maat/parsers/hiccup_based_parser.clj
7	20	src/code_maat/parsers/mercurial.clj
19	59	test/code_maat/parsers/git_test.clj
13	19	test/code_maat/parsers/mercurial_test.clj

[7f4c5df] Adam Tornhill 2013-09-05 Mercurial: basic parsing implemented
1	1	project.clj
58	0	src/code_maat/parsers/mercurial.clj
43	0	test/code_maat/parsers/mercurial_test.clj

[8f21dda] Adam Tornhill 2013-09-03 Made the scenarios data-driven to cover git too.
2	0	.gitignore
4	4	project.clj
3	2	src/code_maat/parsers/svn.clj
31	0	src/code_maat/test/data_driven.clj
0	0	test/code_maat/end_to_end/empty.git
68	33	test/code_maat/end_to_end/scenario_tests.clj
5	17	test/code_maat/end_to_end/simple_git.txt
6	6	test/code_maat/parsers/svn_test.clj

[bda51b5] Adam Tornhill 2013-09-03 Documented version 0.2
56	41	README.md
1	1	project.clj

[ba94514] Adam Tornhill 2013-09-01 coupling: introduced a filter on max coupling
5	6	src/code_maat/analysis/logical_coupling.clj
3	1	src/code_maat/core.clj
2	1	test/code_maat/analysis/test_data.clj

[834a72c] Adam Tornhill 2013-08-30 summary: documented the functionality
4	1	src/code_maat/analysis/summary.clj

[b23000c] Adam Tornhill 2013-08-30 new analysis: summary, used to get an overview of the mined data
5	1	src/code_maat/analysis/entities.clj
25	0	src/code_maat/analysis/summary.clj
4	2	src/code_maat/app/app.clj
1	1	src/code_maat/core.clj

[8a6970c] Adam Tornhill 2013-08-30 git: added an end to end test on live data from mono
18	0	test/code_maat/end_to_end/git_live_data_test.clj
230	0	test/code_maat/end_to_end/mono_git.log

[48cf17a] Adam Tornhill 2013-08-30 Dropped the filtering options; this functionality is better off by using the VCS to limit the log
0	1	src/code_maat/app/app.clj
1	7	src/code_maat/core.clj
2	16	src/code_maat/parsers/git.clj
0	13	src/code_maat/parsers/svn.clj
1	10	test/code_maat/end_to_end/scenario_tests.clj
1	6	test/code_maat/parsers/svn_test.clj

[51f0fb2] Adam Tornhill 2013-08-30 git: redesigned to work with a more compact git log - optimize for memory
25	33	src/code_maat/parsers/git.clj
32	94	test/code_maat/parsers/git_test.clj

[990442e] Adam Tornhill 2013-08-29 Adapted the grammar after live tests (git)
1	1	project.clj
2	2	src/code_maat/parsers/git.clj

[b777738] Adam Tornhill 2013-08-29 git: parse merges and reverts too (grammar change)
10	9	src/code_maat/parsers/git.clj
32	0	test/code_maat/parsers/git_test.clj

[a527b79] Adam Tornhill 2013-08-29 git: proper error messages from instaparse
6	2	src/code_maat/parsers/git.clj
0	7	test/code_maat/end_to_end/scenario_tests.clj
18	0	test/code_maat/end_to_end/simple_git.txt
21	0	test/code_maat/end_to_end/svn_live_data_test.clj

[9519aac] Adam Tornhill 2013-08-29 Correct coupling output in case of zero entries (boundary case)
2	2	src/code_maat/analysis/authors.clj
6	4	src/code_maat/analysis/logical_coupling.clj
1	1	test/code_maat/end_to_end/scenario_tests.clj

[80ab475] Adam Tornhill 2013-08-28 git: implemented input filtering on number of entities and start-date
1	1	src/code_maat/app/app.clj
15	3	src/code_maat/parsers/git.clj
0	8	src/code_maat/parsers/svn.clj
1	1	test/code_maat/parsers/git_test.clj

[72adc01] Adam Tornhill 2013-08-28 Refactoring: extracted the front-end filtering into a separate module
48	0	src/code_maat/parsers/limitters.clj
8	30	src/code_maat/parsers/svn.clj

[3789227] Adam Tornhill 2013-08-28 git: throw an exception upon invalid input (parse failure)
2	0	src/code_maat/app/app.clj
26	17	src/code_maat/parsers/git.clj
4	1	test/code_maat/parsers/git_test.clj

[5496b5a] Adam Tornhill 2013-08-28 git: coupling works - was an error in the parser since the log looked different for binary blob entries
2	4	src/code_maat/parsers/git.clj

[b23590c] Adam Tornhill 2013-08-28 git: authors and revisions implemented
1	0	.gitignore
5	0	README.md
33	10	src/code_maat/app/app.clj
1	1	src/code_maat/core.clj
8	10	src/code_maat/parsers/git.clj
6	4	test/code_maat/end_to_end/scenario_tests.clj
3	3	test/code_maat/parsers/git_test.clj

[de048f2] Adam Tornhill 2013-08-27 git parser: replaced zipper based solution with simpler get-in
15	17	src/code_maat/parsers/git.clj
7	0	test/code_maat/parsers/git_test.clj

[202a0a2] Adam Tornhill 2013-08-27 git: use zippers to work the parse result
60	4	src/code_maat/parsers/git.clj
26	5	test/code_maat/parsers/git_test.clj

[4558484] Adam Tornhill 2013-08-26 Surpressed git parse output that I don't need right now
13	5	src/code_maat/parsers/git.clj
3	1	src/code_maat/parsers/svn.clj
20	24	test/code_maat/parsers/git_test.clj

[7757d31] Adam Tornhill 2013-08-26 Added a basic git parser
3	2	project.clj
57	0	src/code_maat/parsers/git.clj
97	0	test/code_maat/parsers/git_test.clj

[2d8e52c] Adam Tornhill 2013-08-26 Prepare first version
1	1	project.clj

[9b0e99d] Adam Tornhill 2013-08-23 Added licensing info to the source files
5	0	project.clj
5	0	src/code_maat/analysis/authors.clj
5	0	src/code_maat/analysis/entities.clj
5	0	src/code_maat/analysis/logical_coupling.clj
5	0	src/code_maat/analysis/math.clj
5	0	src/code_maat/analysis/workarounds.clj
5	0	src/code_maat/app/app.clj
5	0	src/code_maat/core.clj
5	0	src/code_maat/dataset/dataset.clj
5	0	src/code_maat/output/csv.clj
5	0	src/code_maat/output/filters.clj
5	0	src/code_maat/parsers/svn.clj
5	0	src/code_maat/parsers/xml.clj
5	0	test/code_maat/analysis/authors_test.clj
5	0	test/code_maat/analysis/entities_test.clj
5	0	test/code_maat/analysis/logical_coupling_test.clj
5	0	test/code_maat/analysis/test_data.clj
5	0	test/code_maat/dataset/dataset_test.clj
5	0	test/code_maat/end_to_end/scenario_tests.clj
5	0	test/code_maat/parsers/svn_test.clj

[0ab4be1] Adam Tornhill 2013-08-22 Update README.md
3	3	README.md

[b815f18] Adam Tornhill 2013-08-22 Finished the initial documentation
35	27	README.md

[fd5a7e8] Adam Tornhill 2013-08-22 Added a (flush), needed for a standalone jar
2	3	README.md
1	1	src/code_maat/core.clj

[6bc9967] Adam Tornhill 2013-08-22 Documentation
4	0	README.md

[e5948c8] Adam Tornhill 2013-08-22 Wrote a draft of the README
92	2	README.md
-	-	doc/imgs/coupling_sample.png
3	1	project.clj
3	2	src/code_maat/core.clj

[683554d] Adam Tornhill 2013-08-21 Replaced own ceil function with the one from numeric-tower
1	0	project.clj
3	2	src/code_maat/analysis/logical_coupling.clj
1	4	src/code_maat/analysis/math.clj

[2b068a3] Adam Tornhill 2013-08-20  Prototyped between date parse option - letting it rest for a while
14	6	src/code_maat/parsers/svn.clj

[c72d12c] Adam Tornhill 2013-08-20 Moved ceil to math (do not have internet access to download some contrib)
1	4	src/code_maat/analysis/logical_coupling.clj
4	1	src/code_maat/analysis/math.clj

[0b4924e] Adam Tornhill 2013-08-20 coupling: present results in integers
1	0	.gitignore
5	1	src/code_maat/analysis/logical_coupling.clj
7	7	test/code_maat/analysis/logical_coupling_test.clj
1	1	test/code_maat/end_to_end/scenario_tests.clj

[877b956] Adam Tornhill 2013-08-20 coupling: removed dead code
12	62	src/code_maat/analysis/logical_coupling.clj
7	0	src/code_maat/analysis/math.clj

[190c623] Adam Tornhill 2013-08-20 More tests of boundary cases
1	0	src/code_maat/analysis/logical_coupling.clj
15	1	src/code_maat/app/app.clj
3	1	test/code_maat/end_to_end/scenario_tests.clj

[bd9fb4b] Adam Tornhill 2013-08-20 coupling: small refactoring
19	14	src/code_maat/analysis/logical_coupling.clj

[c1c4229] Adam Tornhill 2013-08-20 Simplified logical coupling (removed a map+flatten)
13	10	src/code_maat/analysis/logical_coupling.clj
1	0	test/code_maat/analysis/logical_coupling_test.clj

[f2f75e5] Adam Tornhill 2013-08-20 End-to-end tests for boundary cases
3	3	src/code_maat/analysis/logical_coupling.clj
5	3	src/code_maat/app/app.clj
3	0	test/code_maat/end_to_end/empty.xml
11	0	test/code_maat/end_to_end/scenario_tests.clj

[67a4379] Adam Tornhill 2013-08-20 End-to-end test with live data from statsvn
1	1	src/code_maat/app/app.clj
17	6	test/code_maat/end_to_end/scenario_tests.clj
9629	0	test/code_maat/end_to_end/statsvn.log

[d286b67] Adam Tornhill 2013-08-19 svn: Do not filter on the kind of file; some svn versions do not include it and we probably want to analyze everything anyway
2	3	src/code_maat/parsers/svn.clj
0	3	test/code_maat/end_to_end/simple.xml
0	3	test/code_maat/parsers/svn_test.clj

[cb73fa0] Adam Tornhill 2013-08-19 Basic error handling for invalid input
6	3	src/code_maat/app/app.clj
8	5	src/code_maat/core.clj
10	6	src/code_maat/parsers/svn.clj

[142ddc0] Adam Tornhill 2013-08-19 Removed default limitation on the number of rows
1	1	src/code_maat/core.clj
4	7	src/code_maat/parsers/svn.clj

[706aa95] Adam Tornhill 2013-08-19 svn parse: optimization: replaced a map+flatten with a simpler reduce. 30 percent increase in speed.
9	6	src/code_maat/parsers/svn.clj
2	2	test/code_maat/parsers/svn_test.clj

[f847b44] Adam Tornhill 2013-08-19 Measured optimization: lazy seq returned from the svn parser
0	4	src/code_maat/app/app.clj

[e15010d] Adam Tornhill 2013-08-19 svn: implemented a start-date filter. Older entries are ignored during the parse
3	2	src/code_maat/core.clj
33	4	src/code_maat/parsers/svn.clj
11	0	test/code_maat/end_to_end/scenario_tests.clj

[1b2a690] Adam Tornhill 2013-08-19 svn: small refactoring to prepare for date handling
3	1	src/code_maat/core.clj
10	5	src/code_maat/parsers/svn.clj

[c512afc] Adam Tornhill 2013-08-19 Removed temp files from git
6	5	src/code_maat/analysis/authors.clj
5	1	src/code_maat/dataset/dataset.clj
4	4	test/code_maat/analysis/authors_test.clj
5	1	test/code_maat/dataset/dataset_test.clj

[f7691a4] Adam Tornhill 2013-08-19 Removed backup file
1	0	.gitignore

[34ce06b] Adam Tornhill 2013-08-19 End-to-end tests with csv support
1	0	project.clj
2	2	src/code_maat/app/app.clj
5	2	src/code_maat/output/csv.clj
15	7	test/code_maat/end_to_end/scenario_tests.clj

[8fe1031] Adam Tornhill 2013-08-18 Refactored logical coupling, subtle patterns removed
20	19	src/code_maat/analysis/logical_coupling.clj

[554d2ae] Adam Tornhill 2013-08-18 Upgraded Clojure and Incanter to latest versions, got a power boost
2	2	project.clj

[915492f] Adam Tornhill 2013-08-18 Removed dead code
1	64	src/code_maat/analysis/logical_coupling.clj
11	38	test/code_maat/analysis/logical_coupling_test.clj

[548b10d] Adam Tornhill 2013-08-17 Sort coupling on both degree and the number of revisions
1	1	src/code_maat/analysis/logical_coupling.clj

[5947856] Adam Tornhill 2013-08-17 Coupling optimized to O(N)
3	3	src/code_maat/analysis/authors.clj
3	3	src/code_maat/analysis/entities.clj
19	9	src/code_maat/analysis/logical_coupling.clj
5	2	src/code_maat/app/app.clj
7	1	src/code_maat/core.clj
7	2	test/code_maat/analysis/authors_test.clj
6	2	test/code_maat/analysis/entities_test.clj
17	10	test/code_maat/analysis/logical_coupling_test.clj
7	1	test/code_maat/analysis/test_data.clj
8	5	test/code_maat/end_to_end/scenario_tests.clj

[d30e83d] Adam Tornhill 2013-08-17 Coupling optimized and activated. Remove dead code next.
1	1	src/code_maat/app/app.clj

[6e2ecd6] Adam Tornhill 2013-08-17 Coupling: refactored to threading macro
12	6	src/code_maat/analysis/logical_coupling.clj

[3bd8360] Adam Tornhill 2013-08-17 Working prototype for coupling re-write
41	8	src/code_maat/analysis/logical_coupling.clj
32	7	test/code_maat/analysis/logical_coupling_test.clj

[a305436] Adam Tornhill 2013-08-16 Coupling: prototyping a new, more efficient algorithm
5	3	src/code_maat/analysis/entities.clj
97	2	src/code_maat/analysis/logical_coupling.clj
2	2	src/code_maat/app/app.clj
38	0	test/code_maat/analysis/logical_coupling_test.clj

[bc0d88a] Adam Tornhill 2013-08-16 Refactored logical coupling: introduced threading macros
32	27	src/code_maat/analysis/logical_coupling.clj

[bd5156c] Adam Tornhill 2013-08-16 Refactored authors: threading macros used
15	8	src/code_maat/analysis/authors.clj
2	1	test/code_maat/end_to_end/scenario_tests.clj

[d644765] Adam Tornhill 2013-08-16 Support analysis selection from the cmd line
18	6	src/code_maat/app/app.clj
2	1	src/code_maat/core.clj

[49b2371] Adam Tornhill 2013-08-15 Removed workarounds in logical coupling analysis by introduction of the dataset module
4	17	src/code_maat/analysis/logical_coupling.clj

[6b50ad8] Adam Tornhill 2013-08-15 Introduced the new dataset module for authors and entities analysis
12	13	src/code_maat/analysis/authors.clj
11	11	src/code_maat/analysis/entities.clj
13	1	src/code_maat/dataset/dataset.clj

[98d54f4] Adam Tornhill 2013-08-15 Introduced a dataset layer to provide consistent return values from queries and selections (do not differentiate between none, single and multiple matches - all return a seq
28	0	src/code_maat/dataset/dataset.clj
6	1	test/code_maat/analysis/test_data.clj
25	0	test/code_maat/dataset/dataset_test.clj

[d8d4bde] Adam Tornhill 2013-08-15 Include entity revision info in the top author analysis
15	10	src/code_maat/analysis/authors.clj
3	7	src/code_maat/app/app.clj
3	1	src/code_maat/core.clj
4	4	test/code_maat/analysis/authors_test.clj

[291b28d] Adam Tornhill 2013-08-15 Working logical coupling but way too slow
21	7	src/code_maat/analysis/logical_coupling.clj
4	2	src/code_maat/app/app.clj
1	2	src/code_maat/core.clj
19	8	test/code_maat/analysis/logical_coupling_test.clj

[53ec5e2] Adam Tornhill 2013-08-15 logical coupling bug fixed: in case of only one shared commit, count gave the wrong number of rows. Use incanter/row instead (of course).
1	1	src/code_maat/analysis/logical_coupling.clj
10	10	test/code_maat/analysis/logical_coupling_test.clj

[2345015] Adam Tornhill 2013-08-15 Coupling complete, but with a bug (wrong value for degenerate cases)
33	2	src/code_maat/analysis/logical_coupling.clj
11	2	test/code_maat/analysis/logical_coupling_test.clj

[e9fa359] Adam Tornhill 2013-08-15 Logical coupling: calculate the number of shared and average refs forming the basis for the analysis
16	4	src/code_maat/analysis/entities.clj
62	10	src/code_maat/analysis/logical_coupling.clj
8	1	test/code_maat/analysis/entities_test.clj
24	4	test/code_maat/analysis/logical_coupling_test.clj

[06fa16d] Adam Tornhill 2013-08-13 Started with analysis of logical coupling.
2	1	project.clj
42	0	src/code_maat/analysis/logical_coupling.clj
2	1	src/code_maat/output/filters.clj
21	0	test/code_maat/analysis/logical_coupling_test.clj
9	5	test/code_maat/end_to_end/scenario_tests.clj

[8f70dd9] Adam Tornhill 2013-08-13 Introduced a command line interface using cli. Defined a clear API towards the application logic for other front-ends to use.
3	1	project.clj
14	2	src/code_maat/app/app.clj
24	7	src/code_maat/core.clj
9	6	test/code_maat/end_to_end/scenario_tests.clj

[83ebd09] Adam Tornhill 2013-08-12 Started a separation of concerns regarding output formats
3	15	src/code_maat/app/app.clj
8	2	src/code_maat/core.clj
14	0	src/code_maat/output/csv.clj
5	0	src/code_maat/output/filters.clj
11	2	test/code_maat/end_to_end/scenario_tests.clj

[dd292a3] Adam Tornhill 2013-08-12 Removed dead code
0	2	src/code_maat/parsers/svn.clj

[f0cb681] Adam Tornhill 2013-08-12 svn: parse all types of file actions (create, modify, delete, etc)
19	6	src/code_maat/parsers/svn.clj
13	1	test/code_maat/parsers/svn_test.clj

[3cfb874] Adam Tornhill 2013-08-12 Analyze entities by number of revisions
3	9	src/code_maat/analysis/authors.clj
21	2	src/code_maat/analysis/entities.clj
8	0	src/code_maat/analysis/workarounds.clj
14	4	src/code_maat/app/app.clj
9	1	src/code_maat/parsers/svn.clj
2	7	test/code_maat/analysis/authors_test.clj
6	1	test/code_maat/analysis/entities_test.clj
9	4	test/code_maat/analysis/test_data.clj

[4951c82] Adam Tornhill 2013-08-12 Complete unit test for authors
4	1	src/code_maat/analysis/authors.clj
26	3	test/code_maat/analysis/authors_test.clj
1	2	test/code_maat/analysis/test_data.clj

[50d1b02] Adam Tornhill 2013-08-12 Optimize the author count using Incanter group-by
9	6	src/code_maat/analysis/authors.clj
10	6	src/code_maat/app/app.clj
12	4	src/code_maat/parsers/svn.clj
6	1	test/code_maat/parsers/svn_test.clj

[2a3365c] Adam Tornhill 2013-08-11 Basic author analysis on svn complete
2	1	project.clj
35	28	src/code_maat/analysis/authors.clj
23	0	src/code_maat/app/app.clj
4	5	src/code_maat/core.clj
18	13	src/code_maat/parsers/svn.clj
8	0	test/code_maat/end_to_end/scenario_tests.clj
34	0	test/code_maat/end_to_end/simple.xml
22	23	test/code_maat/parsers/svn_test.clj

[64868e5] Adam Tornhill 2013-08-09 Added a basic svn parser
2	1	project.clj
32	0	src/code_maat/parsers/svn.clj
12	0	src/code_maat/parsers/xml.clj
78	0	test/code_maat/parsers/svn_test.clj

[8e7b6fb] Adam Tornhill 2013-08-09 private todo
1	0	.gitignore

[97dc286] Adam Tornhill 2013-08-09 Introduced entities
4	8	src/code_maat/analysis/authors.clj
6	0	src/code_maat/analysis/entities.clj
3	11	test/code_maat/analysis/authors_test.clj
8	0	test/code_maat/analysis/entities_test.clj
10	0	test/code_maat/analysis/test_data.clj

[0f9f72a] Adam Tornhill 2013-08-09 Authors module implemented
11	0	.gitignore
13	0	README.md
3	0	doc/intro.md
7	0	project.clj
46	0	src/code_maat/analysis/authors.clj
6	0	src/code_maat/core.clj
17	0	test/code_maat/analysis/authors_test.clj
